 No. of pressure points per section   0
 Section hydrodynamic data?         yes
 Transfer functions?                 no
 Significant amplitudes?             no

 40' sailing yacht                                                               
 In the following input data x,y,z are directed forward, to port side, up

 Gravity acceleration             9.810
 Water density                    0.541
 z of still waterline             0.572
 z of water bottom               -0.100E+07
 z for water drift velocity     999.000
 Wave encounter angles            0.000
 Offset file name: geometry.inp
 Number of sections                  43
 Symmetry?                          yes
 Reference draft                  0.572
 Section no.  1 at x=     0.750
 y:     0.000     0.263     0.513     0.622
 z:     0.535     0.537     0.555     0.572
 Section no.  2 at x=     1.000
 y:     0.000     0.277     0.412     0.541     0.664     0.777     0.802
 z:     0.494     0.496     0.502     0.514     0.534     0.564     0.572
 Section no.  3 at x=     1.250
 y:     0.000     0.291     0.433     0.568     0.697     0.816     0.924     0.930
 z:     0.453     0.456     0.462     0.475     0.495     0.526     0.569     0.572
 Section no.  4 at x=     1.500
 y:     0.000     0.305     0.453     0.595     0.729     0.854     0.966     1.035
 z:     0.414     0.417     0.423     0.436     0.457     0.489     0.533     0.572
 Section no.  5 at x=     1.750
 y:     0.000     0.318     0.472     0.620     0.759     0.889     1.006     1.109
 y:     1.124
 z:     0.376     0.379     0.386     0.399     0.420     0.453     0.499     0.561
 z:     0.572
 Section no.  6 at x=     2.000
 y:     0.000     0.330     0.490     0.644     0.789     0.923     1.044     1.150
 y:     1.203
 z:     0.340     0.343     0.349     0.363     0.385     0.418     0.465     0.528
 z:     0.572
 Section no.  7 at x=     2.250
 y:     0.000     0.342     0.508     0.666     0.816     0.954     1.079     1.188
 y:     1.273
 z:     0.305     0.308     0.315     0.328     0.351     0.385     0.432     0.496
 z:     0.572
 Section no.  8 at x=     2.500
 y:     0.000     0.353     0.523     0.687     0.841     0.983     1.111     1.223
 y:     1.316     1.336
 z:     0.272     0.275     0.282     0.296     0.319     0.354     0.402     0.466
 z:     0.549     0.572
 Section no.  9 at x=     2.750
 y:     0.000     0.363     0.538     0.706     0.864     1.010     1.141     1.255
 y:     1.349     1.392
 z:     0.241     0.244     0.252     0.266     0.289     0.324     0.373     0.438
 z:     0.522     0.572
 Section no. 10 at x=     3.000
 y:     0.000     0.372     0.551     0.723     0.885     1.034     1.167     1.283
 y:     1.379     1.441
 z:     0.213     0.216     0.224     0.238     0.262     0.297     0.346     0.412
 z:     0.496     0.572
 Section no. 11 at x=     3.250
 y:     0.000     0.380     0.563     0.738     0.902     1.054     1.190     1.308
 y:     1.405     1.482
 z:     0.187     0.191     0.198     0.213     0.237     0.273     0.322     0.389
 z:     0.474     0.572
 Section no. 12 at x=     3.500
 y:     0.000     0.386     0.573     0.751     0.919     1.073     1.211     1.330
 y:     1.427     1.506     1.516
 z:     0.163     0.167     0.175     0.189     0.214     0.250     0.300     0.367
 z:     0.453     0.555     0.572
 Section no. 13 at x=     3.750
 y:     0.000     0.392     0.581     0.762     0.931     1.087     1.227     1.347
 y:     1.445     1.524     1.544
 z:     0.142     0.146     0.154     0.169     0.193     0.230     0.281     0.349
 z:     0.435     0.539     0.572
 Section no. 14 at x=     4.000
 y:     0.000     0.396     0.587     0.770     0.941     1.098     1.239     1.360
 y:     1.458     1.537     1.565
 z:     0.124     0.127     0.135     0.150     0.175     0.212     0.264     0.332
 z:     0.420     0.525     0.572
 Section no. 15 at x=     4.250
 y:     0.000     0.400     0.592     0.776     0.949     1.108     1.249     1.370
 y:     1.469     1.548     1.581
 z:     0.106     0.110     0.118     0.133     0.158     0.196     0.248     0.317
 z:     0.406     0.512     0.572
 Section no. 16 at x=     4.500
 y:     0.000     0.401     0.595     0.779     0.953     1.112     1.253     1.375
 y:     1.474     1.552     1.590
 z:     0.092     0.095     0.103     0.119     0.144     0.182     0.235     0.305
 z:     0.395     0.502     0.572
 Section no. 17 at x=     4.750
 y:     0.000     0.402     0.596     0.781     0.954     1.113     1.255     1.376
 y:     1.475     1.553     1.594
 z:     0.079     0.082     0.090     0.106     0.131     0.170     0.223     0.294
 z:     0.385     0.494     0.572
 Section no. 18 at x=     5.000
 y:     0.000     0.401     0.595     0.779     0.952     1.111     1.253     1.374
 y:     1.472     1.550     1.594
 z:     0.068     0.071     0.079     0.095     0.120     0.159     0.213     0.285
 z:     0.377     0.486     0.572
 Section no. 19 at x=     5.250
 y:     0.000     0.399     0.591     0.775     0.947     1.105     1.245     1.366
 y:     1.463     1.540     1.586
 z:     0.058     0.062     0.070     0.085     0.111     0.150     0.205     0.277
 z:     0.370     0.481     0.572
 Section no. 20 at x=     5.500
 y:     0.000     0.395     0.586     0.768     0.939     1.096     1.235     1.355
 y:     1.452     1.528     1.575
 z:     0.050     0.053     0.061     0.077     0.103     0.143     0.198     0.271
 z:     0.364     0.477     0.572
 Section no. 21 at x=     5.750
 y:     0.000     0.390     0.578     0.758     0.927     1.081     1.219     1.337
 y:     1.433     1.509     1.556
 z:     0.044     0.047     0.055     0.071     0.097     0.137     0.192     0.266
 z:     0.361     0.474     0.572
 Section no. 22 at x=     6.000
 y:     0.000     0.383     0.568     0.745     0.911     1.064     1.199     1.316
 y:     1.411     1.486     1.533
 z:     0.039     0.042     0.050     0.066     0.093     0.132     0.188     0.262
 z:     0.358     0.472     0.572
 Section no. 23 at x=     6.250
 y:     0.000     0.375     0.557     0.730     0.893     1.042     1.176     1.291
 y:     1.384     1.459     1.505
 z:     0.035     0.038     0.046     0.062     0.089     0.129     0.185     0.260
 z:     0.356     0.471     0.572
 Section no. 24 at x=     6.500
 y:     0.000     0.365     0.542     0.710     0.869     1.015     1.145     1.258
 y:     1.349     1.423     1.469
 z:     0.033     0.036     0.044     0.060     0.087     0.127     0.184     0.259
 z:     0.356     0.472     0.572
 Section no. 25 at x=     6.750
 y:     0.000     0.354     0.525     0.689     0.843     0.985     1.112     1.222
 y:     1.312     1.385     1.430
 z:     0.031     0.034     0.042     0.058     0.086     0.126     0.183     0.259
 z:     0.357     0.473     0.572
 Section no. 26 at x=     7.000
 y:     0.000     0.341     0.506     0.664     0.813     0.951     1.074     1.181
 y:     1.269     1.340     1.383
 z:     0.031     0.034     0.042     0.058     0.086     0.127     0.184     0.261
 z:     0.359     0.476     0.572
 Section no. 27 at x=     7.250
 y:     0.000     0.327     0.486     0.637     0.781     0.913     1.032     1.136
 y:     1.222     1.292     1.333
 z:     0.032     0.035     0.043     0.060     0.087     0.128     0.186     0.263
 z:     0.362     0.480     0.572
 Section no. 28 at x=     7.500
 y:     0.000     0.312     0.463     0.609     0.746     0.873     0.988     1.088
 y:     1.171     1.240     1.279
 z:     0.034     0.036     0.045     0.062     0.089     0.131     0.189     0.267
 z:     0.366     0.485     0.572
 Section no. 29 at x=     7.750
 y:     0.000     0.296     0.439     0.577     0.708     0.829     0.939     1.035
 y:     1.116     1.183     1.219
 z:     0.037     0.040     0.048     0.065     0.094     0.136     0.195     0.273
 z:     0.372     0.491     0.572
 Section no. 30 at x=     8.000
 y:     0.000     0.279     0.414     0.545     0.668     0.784     0.888     0.980
 y:     1.058     1.124     1.156
 z:     0.041     0.044     0.053     0.070     0.099     0.141     0.201     0.279
 z:     0.379     0.498     0.572
 Section no. 31 at x=     8.250
 y:     0.000     0.261     0.388     0.510     0.627     0.736     0.835     0.923
 y:     0.997     1.061     1.089
 z:     0.047     0.049     0.058     0.076     0.105     0.149     0.209     0.288
 z:     0.388     0.507     0.572
 Section no. 32 at x=     8.500
 y:     0.000     0.241     0.359     0.474     0.583     0.685     0.779     0.862
 y:     0.933     0.995     1.018
 z:     0.053     0.056     0.065     0.083     0.113     0.158     0.219     0.299
 z:     0.399     0.518     0.572
 Section no. 33 at x=     8.750
 y:     0.000     0.221     0.330     0.436     0.538     0.634     0.721     0.799
 y:     0.867     0.926     0.944
 z:     0.061     0.064     0.073     0.092     0.123     0.169     0.232     0.312
 z:     0.411     0.529     0.572
 Section no. 34 at x=     9.000
 y:     0.000     0.199     0.299     0.397     0.492     0.581     0.662     0.734
 y:     0.797     0.854     0.867
 z:     0.069     0.072     0.082     0.102     0.135     0.182     0.246     0.327
 z:     0.424     0.541     0.572
 Section no. 35 at x=     9.250
 y:     0.000     0.172     0.265     0.357     0.445     0.528     0.604     0.668
 y:     0.724     0.778     0.786
 z:     0.080     0.083     0.094     0.115     0.149     0.200     0.266     0.346
 z:     0.437     0.553     0.572
 Section no. 36 at x=     9.500
 y:     0.000     0.118     0.204     0.290     0.373     0.452     0.524     0.588
 y:     0.646     0.700     0.703
 z:     0.092     0.095     0.104     0.124     0.155     0.203     0.268     0.349
 z:     0.447     0.564     0.572
 Section no. 37 at x=     9.750
 y:     0.000     0.130     0.213     0.292     0.368     0.439     0.505     0.564
 y:     0.618
 z:     0.107     0.116     0.132     0.161     0.206     0.268     0.351     0.454
 z:     0.572
 Section no. 38 at x=    10.000
 y:     0.000     0.052     0.133     0.210     0.284     0.354     0.419     0.479
 y:     0.530
 z:     0.125     0.129     0.144     0.170     0.212     0.272     0.354     0.458
 z:     0.572
 Section no. 39 at x=    10.250
 y:     0.000     0.049     0.125     0.197     0.266     0.330     0.390     0.440
 z:     0.148     0.157     0.181     0.220     0.277     0.357     0.461     0.572
 Section no. 40 at x=    10.500
 y:     0.000     0.035     0.106     0.174     0.238     0.297     0.349
 z:     0.180     0.191     0.227     0.281     0.357     0.459     0.572
 Section no. 41 at x=    10.750
 y:     0.000     0.077     0.140     0.199     0.255     0.257
 z:     0.225     0.281     0.352     0.448     0.569     0.572
 Section no. 42 at x=    11.000
 y:     0.000     0.032     0.095     0.150     0.164
 z:     0.296     0.331     0.430     0.539     0.572
 Section no. 43 at x=    11.250
 y:     0.000     0.064     0.069
 z:     0.427     0.559     0.572
